<?xml version="1.0" encoding="UTF-8"?>
<!-- Generated by org.testng.reporters.JUnitXMLReporter -->
<testsuite ignored="1" hostname="DESKTOP-FTULNKR" failures="0" tests="3" name="Test" time="0.068" errors="0" timestamp="02 Mar 2019 11:10:34 GMT">
  <testcase classname="TestNGPract2.AnnotationPract1" name="display2" time="0.018"/>
  <testcase classname="TestNGPract2.AnnotationPract1" name="display2" time="0.002"/>
  <testcase classname="TestNGPract2.AnnotationPract2" name="display4" time="0.002"/>
  <testcase classname="TestNGPract2.AnnotationPract1" name="@BeforeTest display10" time="0.0">
    <ignored/>
  </testcase> <!-- @BeforeTest display10 -->
</testsuite> <!-- Test -->
